<?xml version="1.0" encoding="UTF-8"?>
<!-- Generated by org.testng.reporters.JUnitReportReporter -->
<testsuite hostname="DESKTOP-24HNH68" failures="0" tests="2" name="tests.LoginTest" time="60.200" errors="0" timestamp="2023-07-10T19:53:38 IST" skipped="0">
  <testcase classname="tests.LoginTest" name="login" time="37.639"/>
  <testcase classname="tests.LoginTest" name="login" time="22.561"/>
</testsuite> <!-- tests.LoginTest -->
