<?xml version="1.0" encoding="UTF-8"?>
<!-- Generated by org.testng.reporters.JUnitReportReporter -->
<testsuite hostname="DESKTOP-24HNH68" failures="0" tests="1" name="tests.ThreeTes" time="0.007" errors="0" timestamp="2023-07-10T14:48:35 IST" skipped="0">
  <testcase classname="tests.ThreeTes" name="testThree" time="0.007"/>
</testsuite> <!-- tests.ThreeTes -->
