<?xml version="1.0" encoding="UTF-8"?>
<!-- Generated by org.testng.reporters.JUnitReportReporter -->
<testsuite hostname="DESKTOP-24HNH68" failures="0" tests="1" name="tests.TwoTest" time="90.105" errors="0" timestamp="2023-07-10T20:13:03 IST" skipped="0">
  <testcase classname="tests.TwoTest" name="testTwo" time="90.105"/>
</testsuite> <!-- tests.TwoTest -->
